<?xml version="1.0" encoding="UTF-8"?>
<TestRun id="b148c5dd-03f4-4924-8118-741ac7d96689" name="Claudio@DEVMACHINE 2012-09-08 15:10:09" runUser="DEVMACHINE\Claudio" xmlns="http://microsoft.com/schemas/VisualStudio/TeamTest/2010">
  <TestSettings name="Local" id="a67dcb87-421c-4582-bdb9-a626606445b2">
    <Description>These are default test settings for a local test run.</Description>
    <Deployment enabled="false" runDeploymentRoot="Claudio_DEVMACHINE 2012-09-08 15_10_09">
      <DeploymentItem filename="C:\Users\Claudio\SkyDrive\Documents\Source\AutoImportacion\AutomobileInformation.BL\bin\Debug\AutomobileInformation.BL.dll" />
    </Deployment>
    <Execution>
      <TestTypeSpecific />
      <AgentRule name="Execution Agents">
      </AgentRule>
    </Execution>
  </TestSettings>
  <Times creation="2012-09-08T15:10:09.5380860-04:00" queuing="2012-09-08T15:10:09.7685547-04:00" start="2012-09-08T15:10:09.8085938-04:00" finish="2012-09-08T15:10:10.0927735-04:00" />
  <ResultSummary outcome="Completed">
    <Counters total="1" executed="1" passed="1" error="0" failed="0" timeout="0" aborted="0" inconclusive="0" passedButRunAborted="0" notRunnable="0" notExecuted="0" disconnected="0" warning="0" completed="0" inProgress="0" pending="0" />
  </ResultSummary>
  <TestDefinitions>
    <UnitTest name="TestMethod1" storage="c:\users\claudio\skydrive\documents\source\autoimportacion\automobileinformation.bl.test\bin\debug\automobileinformation.bl.test.dll" id="6e0d2e6c-92a2-e64e-8212-5acdd6c712a2">
      <Execution id="1b313592-7792-4948-9210-cd4d874ca484" />
      <TestMethod codeBase="C:/Users/Claudio/SkyDrive/Documents/Source/AutoImportacion/AutomobileInformation.BL.Test/bin/Debug/AutomobileInformation.BL.Test.DLL" adapterTypeName="Microsoft.VisualStudio.TestTools.TestTypes.Unit.UnitTestAdapter, Microsoft.VisualStudio.QualityTools.Tips.UnitTest.Adapter, Version=10.0.0.0, Culture=neutral, PublicKeyToken=b03f5f7f11d50a3a" className="AutomobileInformation.BL.Test.VehicleInformationNumberTests, AutomobileInformation.BL.Test, Version=1.0.0.0, Culture=neutral, PublicKeyToken=null" name="TestMethod1" />
    </UnitTest>
  </TestDefinitions>
  <TestLists>
    <TestList name="Results Not in a List" id="8c84fa94-04c1-424b-9868-57a2d4851a1d" />
    <TestList name="All Loaded Results" id="19431567-8539-422a-85d7-44ee4e166bda" />
  </TestLists>
  <TestEntries>
    <TestEntry testId="6e0d2e6c-92a2-e64e-8212-5acdd6c712a2" executionId="1b313592-7792-4948-9210-cd4d874ca484" testListId="8c84fa94-04c1-424b-9868-57a2d4851a1d" />
  </TestEntries>
  <Results>
    <UnitTestResult executionId="1b313592-7792-4948-9210-cd4d874ca484" testId="6e0d2e6c-92a2-e64e-8212-5acdd6c712a2" testName="TestMethod1" computerName="DEVMACHINE" duration="00:00:00.0232303" startTime="2012-09-08T15:10:09.8203125-04:00" endTime="2012-09-08T15:10:10.0703125-04:00" testType="13cdc9d9-ddb5-4fa4-a97d-d965ccfc6d4b" outcome="Passed" testListId="8c84fa94-04c1-424b-9868-57a2d4851a1d" relativeResultsDirectory="1b313592-7792-4948-9210-cd4d874ca484">
    </UnitTestResult>
  </Results>
</TestRun>